2024-11-13 11:19:03.461 [restartedMain] INFO  com.cow.horse.BackendApplication - Starting BackendApplication using Java 1.8.0_361 on Snow with PID 6356 (E:\Source_Code\SpringBoot+Vue旅游信息推荐系统（带文档）\SpringBoot+Vue旅游信息推荐系统\backend-Api\target\classes started by 29064 in E:\Source_Code\SpringBoot+Vue旅游信息推荐系统（带文档）\SpringBoot+Vue旅游信息推荐系统\backend-Api)
2024-11-13 11:19:03.465 [restartedMain] INFO  com.cow.horse.BackendApplication - The following profiles are active: dev
2024-11-13 11:19:03.512 [restartedMain] INFO  o.s.b.d.env.DevToolsPropertyDefaultsPostProcessor - Devtools property defaults active! Set 'spring.devtools.add-properties' to 'false' to disable
2024-11-13 11:19:03.513 [restartedMain] INFO  o.s.b.d.env.DevToolsPropertyDefaultsPostProcessor - For additional web related logging consider setting the 'logging.level.web' property to 'DEBUG'
2024-11-13 11:19:03.948 [restartedMain] INFO  o.s.d.r.config.RepositoryConfigurationDelegate - Multiple Spring Data modules found, entering strict repository configuration mode!
2024-11-13 11:19:03.949 [restartedMain] INFO  o.s.d.r.config.RepositoryConfigurationDelegate - Bootstrapping Spring Data Redis repositories in DEFAULT mode.
2024-11-13 11:19:03.969 [restartedMain] INFO  o.s.d.r.config.RepositoryConfigurationDelegate - Finished Spring Data repository scanning in 13 ms. Found 0 Redis repository interfaces.
2024-11-13 11:19:04.374 [restartedMain] INFO  o.s.boot.web.embedded.tomcat.TomcatWebServer - Tomcat initialized with port(s): 8080 (http)
2024-11-13 11:19:04.381 [restartedMain] INFO  org.apache.coyote.http11.Http11NioProtocol - Initializing ProtocolHandler ["http-nio-8080"]
2024-11-13 11:19:04.382 [restartedMain] INFO  org.apache.catalina.core.StandardService - Starting service [Tomcat]
2024-11-13 11:19:04.382 [restartedMain] INFO  org.apache.catalina.core.StandardEngine - Starting Servlet engine: [Apache Tomcat/9.0.41]
2024-11-13 11:19:04.469 [restartedMain] INFO  o.a.c.core.ContainerBase.[Tomcat].[localhost].[/] - Initializing Spring embedded WebApplicationContext
2024-11-13 11:19:04.469 [restartedMain] INFO  o.s.b.w.s.c.ServletWebServerApplicationContext - Root WebApplicationContext: initialization completed in 956 ms
2024-11-13 11:19:04.708 [restartedMain] INFO  c.a.d.s.b.a.DruidDataSourceAutoConfigure - Init DruidDataSource
2024-11-13 11:19:05.326 [restartedMain] INFO  com.alibaba.druid.pool.DruidDataSource - {dataSource-1} inited
2024-11-13 11:19:06.232 [restartedMain] INFO  o.s.scheduling.concurrent.ThreadPoolTaskExecutor - Initializing ExecutorService 'applicationTaskExecutor'
2024-11-13 11:19:06.391 [restartedMain] INFO  o.s.b.d.autoconfigure.OptionalLiveReloadServer - LiveReload server is running on port 35729
2024-11-13 11:19:06.408 [restartedMain] INFO  org.apache.coyote.http11.Http11NioProtocol - Starting ProtocolHandler ["http-nio-8080"]
2024-11-13 11:19:06.418 [restartedMain] INFO  o.s.scheduling.concurrent.ThreadPoolTaskExecutor - Shutting down ExecutorService 'applicationTaskExecutor'
2024-11-13 11:19:06.419 [restartedMain] INFO  com.alibaba.druid.pool.DruidDataSource - {dataSource-1} closing ...
2024-11-13 11:19:06.422 [restartedMain] INFO  com.alibaba.druid.pool.DruidDataSource - {dataSource-1} closed
2024-11-13 11:19:06.433 [restartedMain] INFO  org.apache.coyote.http11.Http11NioProtocol - Pausing ProtocolHandler ["http-nio-8080"]
2024-11-13 11:19:06.433 [restartedMain] INFO  org.apache.catalina.core.StandardService - Stopping service [Tomcat]
2024-11-13 11:19:06.436 [restartedMain] INFO  org.apache.coyote.http11.Http11NioProtocol - Stopping ProtocolHandler ["http-nio-8080"]
2024-11-13 11:19:06.436 [restartedMain] INFO  org.apache.coyote.http11.Http11NioProtocol - Destroying ProtocolHandler ["http-nio-8080"]
2024-11-13 11:19:06.442 [restartedMain] INFO  o.s.b.a.l.ConditionEvaluationReportLoggingListener - 

Error starting ApplicationContext. To display the conditions report re-run your application with 'debug' enabled.
2024-11-13 11:19:18.024 [restartedMain] INFO  com.cow.horse.BackendApplication - Starting BackendApplication using Java 1.8.0_361 on Snow with PID 12292 (E:\Source_Code\SpringBoot+Vue旅游信息推荐系统（带文档）\SpringBoot+Vue旅游信息推荐系统\backend-Api\target\classes started by 29064 in E:\Source_Code\SpringBoot+Vue旅游信息推荐系统（带文档）\SpringBoot+Vue旅游信息推荐系统\backend-Api)
2024-11-13 11:19:18.026 [restartedMain] INFO  com.cow.horse.BackendApplication - The following profiles are active: dev
2024-11-13 11:19:18.062 [restartedMain] INFO  o.s.b.d.env.DevToolsPropertyDefaultsPostProcessor - Devtools property defaults active! Set 'spring.devtools.add-properties' to 'false' to disable
2024-11-13 11:19:18.062 [restartedMain] INFO  o.s.b.d.env.DevToolsPropertyDefaultsPostProcessor - For additional web related logging consider setting the 'logging.level.web' property to 'DEBUG'
2024-11-13 11:19:18.442 [restartedMain] INFO  o.s.d.r.config.RepositoryConfigurationDelegate - Multiple Spring Data modules found, entering strict repository configuration mode!
2024-11-13 11:19:18.444 [restartedMain] INFO  o.s.d.r.config.RepositoryConfigurationDelegate - Bootstrapping Spring Data Redis repositories in DEFAULT mode.
2024-11-13 11:19:18.465 [restartedMain] INFO  o.s.d.r.config.RepositoryConfigurationDelegate - Finished Spring Data repository scanning in 13 ms. Found 0 Redis repository interfaces.
2024-11-13 11:19:18.816 [restartedMain] INFO  o.s.boot.web.embedded.tomcat.TomcatWebServer - Tomcat initialized with port(s): 8080 (http)
2024-11-13 11:19:18.821 [restartedMain] INFO  org.apache.coyote.http11.Http11NioProtocol - Initializing ProtocolHandler ["http-nio-8080"]
2024-11-13 11:19:18.822 [restartedMain] INFO  org.apache.catalina.core.StandardService - Starting service [Tomcat]
2024-11-13 11:19:18.822 [restartedMain] INFO  org.apache.catalina.core.StandardEngine - Starting Servlet engine: [Apache Tomcat/9.0.41]
2024-11-13 11:19:18.903 [restartedMain] INFO  o.a.c.core.ContainerBase.[Tomcat].[localhost].[/] - Initializing Spring embedded WebApplicationContext
2024-11-13 11:19:18.903 [restartedMain] INFO  o.s.b.w.s.c.ServletWebServerApplicationContext - Root WebApplicationContext: initialization completed in 840 ms
2024-11-13 11:19:19.122 [restartedMain] INFO  c.a.d.s.b.a.DruidDataSourceAutoConfigure - Init DruidDataSource
2024-11-13 11:19:19.661 [restartedMain] INFO  com.alibaba.druid.pool.DruidDataSource - {dataSource-1} inited
2024-11-13 11:19:20.386 [restartedMain] INFO  o.s.scheduling.concurrent.ThreadPoolTaskExecutor - Initializing ExecutorService 'applicationTaskExecutor'
2024-11-13 11:19:20.547 [restartedMain] INFO  o.s.b.d.autoconfigure.OptionalLiveReloadServer - LiveReload server is running on port 35729
2024-11-13 11:19:20.567 [restartedMain] INFO  org.apache.coyote.http11.Http11NioProtocol - Starting ProtocolHandler ["http-nio-8080"]
2024-11-13 11:19:20.583 [restartedMain] INFO  o.s.boot.web.embedded.tomcat.TomcatWebServer - Tomcat started on port(s): 8080 (http) with context path ''
2024-11-13 11:19:20.589 [restartedMain] INFO  com.cow.horse.BackendApplication - Started BackendApplication in 2.857 seconds (JVM running for 3.545)
2024-11-13 11:19:20.590 [restartedMain] INFO  com.cow.horse.BackendApplication - =====================项目后端启动成功============================
2024-11-13 11:19:25.037 [http-nio-8080-exec-1] INFO  o.a.c.core.ContainerBase.[Tomcat].[localhost].[/] - Initializing Spring DispatcherServlet 'dispatcherServlet'
2024-11-13 11:19:25.038 [http-nio-8080-exec-1] INFO  org.springframework.web.servlet.DispatcherServlet - Initializing Servlet 'dispatcherServlet'
2024-11-13 11:19:25.038 [http-nio-8080-exec-1] INFO  org.springframework.web.servlet.DispatcherServlet - Completed initialization in 0 ms
2024-11-13 11:20:46.723 [http-nio-8080-exec-86] INFO  com.cow.horse.handle.MyMetaObjectHandler - 公共字段自动填充[update]...
2024-11-13 11:20:46.746 [http-nio-8080-exec-86] INFO  com.cow.horse.handle.MyMetaObjectHandler - 公共字段自动填充[insert]...
2024-11-13 11:21:09.207 [SpringContextShutdownHook] INFO  o.s.scheduling.concurrent.ThreadPoolTaskExecutor - Shutting down ExecutorService 'applicationTaskExecutor'
2024-11-13 11:21:09.208 [SpringContextShutdownHook] INFO  com.alibaba.druid.pool.DruidDataSource - {dataSource-1} closing ...
2024-11-13 11:21:09.212 [SpringContextShutdownHook] INFO  com.alibaba.druid.pool.DruidDataSource - {dataSource-1} closed
2024-11-13 11:21:12.497 [restartedMain] INFO  com.cow.horse.BackendApplication - Starting BackendApplication using Java 1.8.0_361 on Snow with PID 11848 (E:\Source_Code\SpringBoot+Vue旅游信息推荐系统（带文档）\SpringBoot+Vue旅游信息推荐系统\backend-Api\target\classes started by 29064 in E:\Source_Code\SpringBoot+Vue旅游信息推荐系统（带文档）\SpringBoot+Vue旅游信息推荐系统\backend-Api)
2024-11-13 11:21:12.499 [restartedMain] INFO  com.cow.horse.BackendApplication - The following profiles are active: dev
2024-11-13 11:21:12.534 [restartedMain] INFO  o.s.b.d.env.DevToolsPropertyDefaultsPostProcessor - Devtools property defaults active! Set 'spring.devtools.add-properties' to 'false' to disable
2024-11-13 11:21:12.534 [restartedMain] INFO  o.s.b.d.env.DevToolsPropertyDefaultsPostProcessor - For additional web related logging consider setting the 'logging.level.web' property to 'DEBUG'
2024-11-13 11:21:12.915 [restartedMain] INFO  o.s.d.r.config.RepositoryConfigurationDelegate - Multiple Spring Data modules found, entering strict repository configuration mode!
2024-11-13 11:21:12.916 [restartedMain] INFO  o.s.d.r.config.RepositoryConfigurationDelegate - Bootstrapping Spring Data Redis repositories in DEFAULT mode.
2024-11-13 11:21:12.936 [restartedMain] INFO  o.s.d.r.config.RepositoryConfigurationDelegate - Finished Spring Data repository scanning in 12 ms. Found 0 Redis repository interfaces.
2024-11-13 11:21:13.372 [restartedMain] INFO  o.s.boot.web.embedded.tomcat.TomcatWebServer - Tomcat initialized with port(s): 8080 (http)
2024-11-13 11:21:13.380 [restartedMain] INFO  org.apache.coyote.http11.Http11NioProtocol - Initializing ProtocolHandler ["http-nio-8080"]
2024-11-13 11:21:13.381 [restartedMain] INFO  org.apache.catalina.core.StandardService - Starting service [Tomcat]
2024-11-13 11:21:13.381 [restartedMain] INFO  org.apache.catalina.core.StandardEngine - Starting Servlet engine: [Apache Tomcat/9.0.41]
2024-11-13 11:21:13.467 [restartedMain] INFO  o.a.c.core.ContainerBase.[Tomcat].[localhost].[/] - Initializing Spring embedded WebApplicationContext
2024-11-13 11:21:13.467 [restartedMain] INFO  o.s.b.w.s.c.ServletWebServerApplicationContext - Root WebApplicationContext: initialization completed in 933 ms
2024-11-13 11:21:13.691 [restartedMain] INFO  c.a.d.s.b.a.DruidDataSourceAutoConfigure - Init DruidDataSource
2024-11-13 11:21:14.290 [restartedMain] INFO  com.alibaba.druid.pool.DruidDataSource - {dataSource-1} inited
2024-11-13 11:21:15.024 [restartedMain] INFO  o.s.scheduling.concurrent.ThreadPoolTaskExecutor - Initializing ExecutorService 'applicationTaskExecutor'
2024-11-13 11:21:15.187 [restartedMain] INFO  o.s.b.d.autoconfigure.OptionalLiveReloadServer - LiveReload server is running on port 35729
2024-11-13 11:21:15.207 [restartedMain] INFO  org.apache.coyote.http11.Http11NioProtocol - Starting ProtocolHandler ["http-nio-8080"]
2024-11-13 11:21:15.223 [restartedMain] INFO  o.s.boot.web.embedded.tomcat.TomcatWebServer - Tomcat started on port(s): 8080 (http) with context path ''
2024-11-13 11:21:15.229 [restartedMain] INFO  com.cow.horse.BackendApplication - Started BackendApplication in 3.013 seconds (JVM running for 3.677)
2024-11-13 11:21:15.231 [restartedMain] INFO  com.cow.horse.BackendApplication - =====================项目后端启动成功============================
2024-11-13 11:21:18.667 [http-nio-8080-exec-5] INFO  o.a.c.core.ContainerBase.[Tomcat].[localhost].[/] - Initializing Spring DispatcherServlet 'dispatcherServlet'
2024-11-13 11:21:18.668 [http-nio-8080-exec-5] INFO  org.springframework.web.servlet.DispatcherServlet - Initializing Servlet 'dispatcherServlet'
2024-11-13 11:21:18.669 [http-nio-8080-exec-5] INFO  org.springframework.web.servlet.DispatcherServlet - Completed initialization in 1 ms
2024-11-13 11:21:30.365 [http-nio-8080-exec-25] INFO  com.cow.horse.handle.MyMetaObjectHandler - 公共字段自动填充[update]...
2024-11-13 11:21:30.375 [http-nio-8080-exec-25] INFO  com.cow.horse.handle.MyMetaObjectHandler - 公共字段自动填充[insert]...
2024-11-13 11:21:48.915 [http-nio-8080-exec-39] INFO  com.cow.horse.handle.MyMetaObjectHandler - 公共字段自动填充[insert]...
2024-11-13 11:22:51.719 [http-nio-8080-exec-36] INFO  com.cow.horse.handle.MyMetaObjectHandler - 公共字段自动填充[update]...
2024-11-13 11:22:51.723 [http-nio-8080-exec-36] INFO  com.cow.horse.handle.MyMetaObjectHandler - 公共字段自动填充[insert]...
2024-11-13 11:24:28.158 [http-nio-8080-exec-96] INFO  com.cow.horse.handle.MyMetaObjectHandler - 公共字段自动填充[insert]...
2024-11-13 11:27:38.258 [http-nio-8080-exec-46] INFO  com.cow.horse.handle.MyMetaObjectHandler - 公共字段自动填充[update]...
2024-11-13 11:27:38.261 [http-nio-8080-exec-46] INFO  com.cow.horse.handle.MyMetaObjectHandler - 公共字段自动填充[insert]...
2024-11-13 11:29:01.437 [SpringContextShutdownHook] INFO  o.s.scheduling.concurrent.ThreadPoolTaskExecutor - Shutting down ExecutorService 'applicationTaskExecutor'
2024-11-13 11:29:01.438 [SpringContextShutdownHook] INFO  com.alibaba.druid.pool.DruidDataSource - {dataSource-1} closing ...
2024-11-13 11:29:01.441 [SpringContextShutdownHook] INFO  com.alibaba.druid.pool.DruidDataSource - {dataSource-1} closed
2024-11-13 11:29:04.522 [restartedMain] INFO  com.cow.horse.BackendApplication - Starting BackendApplication using Java 1.8.0_361 on Snow with PID 2188 (E:\Source_Code\SpringBoot+Vue旅游信息推荐系统（带文档）\SpringBoot+Vue旅游信息推荐系统\backend-Api\target\classes started by 29064 in E:\Source_Code\SpringBoot+Vue旅游信息推荐系统（带文档）\SpringBoot+Vue旅游信息推荐系统\backend-Api)
2024-11-13 11:29:04.524 [restartedMain] INFO  com.cow.horse.BackendApplication - The following profiles are active: dev
2024-11-13 11:29:04.562 [restartedMain] INFO  o.s.b.d.env.DevToolsPropertyDefaultsPostProcessor - Devtools property defaults active! Set 'spring.devtools.add-properties' to 'false' to disable
2024-11-13 11:29:04.562 [restartedMain] INFO  o.s.b.d.env.DevToolsPropertyDefaultsPostProcessor - For additional web related logging consider setting the 'logging.level.web' property to 'DEBUG'
2024-11-13 11:29:04.989 [restartedMain] INFO  o.s.d.r.config.RepositoryConfigurationDelegate - Multiple Spring Data modules found, entering strict repository configuration mode!
2024-11-13 11:29:04.990 [restartedMain] INFO  o.s.d.r.config.RepositoryConfigurationDelegate - Bootstrapping Spring Data Redis repositories in DEFAULT mode.
2024-11-13 11:29:05.011 [restartedMain] INFO  o.s.d.r.config.RepositoryConfigurationDelegate - Finished Spring Data repository scanning in 14 ms. Found 0 Redis repository interfaces.
2024-11-13 11:29:05.396 [restartedMain] INFO  o.s.boot.web.embedded.tomcat.TomcatWebServer - Tomcat initialized with port(s): 8080 (http)
2024-11-13 11:29:05.402 [restartedMain] INFO  org.apache.coyote.http11.Http11NioProtocol - Initializing ProtocolHandler ["http-nio-8080"]
2024-11-13 11:29:05.402 [restartedMain] INFO  org.apache.catalina.core.StandardService - Starting service [Tomcat]
2024-11-13 11:29:05.403 [restartedMain] INFO  org.apache.catalina.core.StandardEngine - Starting Servlet engine: [Apache Tomcat/9.0.41]
2024-11-13 11:29:05.491 [restartedMain] INFO  o.a.c.core.ContainerBase.[Tomcat].[localhost].[/] - Initializing Spring embedded WebApplicationContext
2024-11-13 11:29:05.491 [restartedMain] INFO  o.s.b.w.s.c.ServletWebServerApplicationContext - Root WebApplicationContext: initialization completed in 928 ms
2024-11-13 11:29:05.757 [restartedMain] INFO  c.a.d.s.b.a.DruidDataSourceAutoConfigure - Init DruidDataSource
2024-11-13 11:29:06.398 [restartedMain] INFO  com.alibaba.druid.pool.DruidDataSource - {dataSource-1} inited
2024-11-13 11:29:07.298 [restartedMain] INFO  o.s.scheduling.concurrent.ThreadPoolTaskExecutor - Initializing ExecutorService 'applicationTaskExecutor'
2024-11-13 11:29:07.496 [restartedMain] INFO  o.s.b.d.autoconfigure.OptionalLiveReloadServer - LiveReload server is running on port 35729
2024-11-13 11:29:07.523 [restartedMain] INFO  org.apache.coyote.http11.Http11NioProtocol - Starting ProtocolHandler ["http-nio-8080"]
2024-11-13 11:29:07.541 [restartedMain] INFO  o.s.boot.web.embedded.tomcat.TomcatWebServer - Tomcat started on port(s): 8080 (http) with context path ''
2024-11-13 11:29:07.548 [restartedMain] INFO  com.cow.horse.BackendApplication - Started BackendApplication in 3.329 seconds (JVM running for 4.031)
2024-11-13 11:29:07.551 [restartedMain] INFO  com.cow.horse.BackendApplication - =====================项目后端启动成功============================
2024-11-13 11:29:17.134 [http-nio-8080-exec-1] INFO  o.a.c.core.ContainerBase.[Tomcat].[localhost].[/] - Initializing Spring DispatcherServlet 'dispatcherServlet'
2024-11-13 11:29:17.134 [http-nio-8080-exec-1] INFO  org.springframework.web.servlet.DispatcherServlet - Initializing Servlet 'dispatcherServlet'
2024-11-13 11:29:17.135 [http-nio-8080-exec-1] INFO  org.springframework.web.servlet.DispatcherServlet - Completed initialization in 1 ms
2024-11-13 11:33:23.554 [SpringContextShutdownHook] INFO  o.s.scheduling.concurrent.ThreadPoolTaskExecutor - Shutting down ExecutorService 'applicationTaskExecutor'
2024-11-13 11:33:23.555 [SpringContextShutdownHook] INFO  com.alibaba.druid.pool.DruidDataSource - {dataSource-1} closing ...
2024-11-13 11:33:23.559 [SpringContextShutdownHook] INFO  com.alibaba.druid.pool.DruidDataSource - {dataSource-1} closed
2024-11-13 11:33:27.244 [restartedMain] INFO  com.cow.horse.BackendApplication - Starting BackendApplication using Java 1.8.0_361 on Snow with PID 3216 (E:\Source_Code\SpringBoot+Vue旅游信息推荐系统（带文档）\SpringBoot+Vue旅游信息推荐系统\backend-Api\target\classes started by 29064 in E:\Source_Code\SpringBoot+Vue旅游信息推荐系统（带文档）\SpringBoot+Vue旅游信息推荐系统\backend-Api)
2024-11-13 11:33:27.246 [restartedMain] INFO  com.cow.horse.BackendApplication - The following profiles are active: dev
2024-11-13 11:33:27.284 [restartedMain] INFO  o.s.b.d.env.DevToolsPropertyDefaultsPostProcessor - Devtools property defaults active! Set 'spring.devtools.add-properties' to 'false' to disable
2024-11-13 11:33:27.284 [restartedMain] INFO  o.s.b.d.env.DevToolsPropertyDefaultsPostProcessor - For additional web related logging consider setting the 'logging.level.web' property to 'DEBUG'
2024-11-13 11:33:27.794 [restartedMain] INFO  o.s.d.r.config.RepositoryConfigurationDelegate - Multiple Spring Data modules found, entering strict repository configuration mode!
2024-11-13 11:33:27.795 [restartedMain] INFO  o.s.d.r.config.RepositoryConfigurationDelegate - Bootstrapping Spring Data Redis repositories in DEFAULT mode.
2024-11-13 11:33:27.824 [restartedMain] INFO  o.s.d.r.config.RepositoryConfigurationDelegate - Finished Spring Data repository scanning in 17 ms. Found 0 Redis repository interfaces.
2024-11-13 11:33:28.267 [restartedMain] INFO  o.s.boot.web.embedded.tomcat.TomcatWebServer - Tomcat initialized with port(s): 8080 (http)
2024-11-13 11:33:28.276 [restartedMain] INFO  org.apache.coyote.http11.Http11NioProtocol - Initializing ProtocolHandler ["http-nio-8080"]
2024-11-13 11:33:28.277 [restartedMain] INFO  org.apache.catalina.core.StandardService - Starting service [Tomcat]
2024-11-13 11:33:28.277 [restartedMain] INFO  org.apache.catalina.core.StandardEngine - Starting Servlet engine: [Apache Tomcat/9.0.41]
2024-11-13 11:33:28.373 [restartedMain] INFO  o.a.c.core.ContainerBase.[Tomcat].[localhost].[/] - Initializing Spring embedded WebApplicationContext
2024-11-13 11:33:28.374 [restartedMain] INFO  o.s.b.w.s.c.ServletWebServerApplicationContext - Root WebApplicationContext: initialization completed in 1089 ms
2024-11-13 11:33:28.687 [restartedMain] INFO  c.a.d.s.b.a.DruidDataSourceAutoConfigure - Init DruidDataSource
2024-11-13 11:33:29.359 [restartedMain] INFO  com.alibaba.druid.pool.DruidDataSource - {dataSource-1} inited
2024-11-13 11:33:30.231 [restartedMain] INFO  o.s.scheduling.concurrent.ThreadPoolTaskExecutor - Initializing ExecutorService 'applicationTaskExecutor'
2024-11-13 11:33:30.449 [restartedMain] INFO  o.s.b.d.autoconfigure.OptionalLiveReloadServer - LiveReload server is running on port 35729
2024-11-13 11:33:30.472 [restartedMain] INFO  org.apache.coyote.http11.Http11NioProtocol - Starting ProtocolHandler ["http-nio-8080"]
2024-11-13 11:33:30.492 [restartedMain] INFO  o.s.boot.web.embedded.tomcat.TomcatWebServer - Tomcat started on port(s): 8080 (http) with context path ''
2024-11-13 11:33:30.498 [restartedMain] INFO  com.cow.horse.BackendApplication - Started BackendApplication in 3.64 seconds (JVM running for 4.867)
2024-11-13 11:33:30.501 [restartedMain] INFO  com.cow.horse.BackendApplication - =====================项目后端启动成功============================
2024-11-13 11:33:38.344 [http-nio-8080-exec-2] INFO  o.a.c.core.ContainerBase.[Tomcat].[localhost].[/] - Initializing Spring DispatcherServlet 'dispatcherServlet'
2024-11-13 11:33:38.344 [http-nio-8080-exec-2] INFO  org.springframework.web.servlet.DispatcherServlet - Initializing Servlet 'dispatcherServlet'
2024-11-13 11:33:38.345 [http-nio-8080-exec-2] INFO  org.springframework.web.servlet.DispatcherServlet - Completed initialization in 1 ms
2024-11-13 11:35:28.317 [SpringContextShutdownHook] INFO  o.s.scheduling.concurrent.ThreadPoolTaskExecutor - Shutting down ExecutorService 'applicationTaskExecutor'
2024-11-13 11:35:28.319 [SpringContextShutdownHook] INFO  com.alibaba.druid.pool.DruidDataSource - {dataSource-1} closing ...
2024-11-13 11:35:28.324 [SpringContextShutdownHook] INFO  com.alibaba.druid.pool.DruidDataSource - {dataSource-1} closed
2024-11-13 11:35:35.530 [restartedMain] INFO  com.cow.horse.BackendApplication - Starting BackendApplication using Java 1.8.0_361 on Snow with PID 11760 (E:\Source_Code\SpringBoot+Vue旅游信息推荐系统（带文档）\SpringBoot+Vue旅游信息推荐系统\backend-Api\target\classes started by 29064 in E:\Source_Code\SpringBoot+Vue旅游信息推荐系统（带文档）\SpringBoot+Vue旅游信息推荐系统\backend-Api)
2024-11-13 11:35:35.533 [restartedMain] INFO  com.cow.horse.BackendApplication - The following profiles are active: dev
2024-11-13 11:35:35.566 [restartedMain] INFO  o.s.b.d.env.DevToolsPropertyDefaultsPostProcessor - Devtools property defaults active! Set 'spring.devtools.add-properties' to 'false' to disable
2024-11-13 11:35:35.566 [restartedMain] INFO  o.s.b.d.env.DevToolsPropertyDefaultsPostProcessor - For additional web related logging consider setting the 'logging.level.web' property to 'DEBUG'
2024-11-13 11:35:36.045 [restartedMain] INFO  o.s.d.r.config.RepositoryConfigurationDelegate - Multiple Spring Data modules found, entering strict repository configuration mode!
2024-11-13 11:35:36.047 [restartedMain] INFO  o.s.d.r.config.RepositoryConfigurationDelegate - Bootstrapping Spring Data Redis repositories in DEFAULT mode.
2024-11-13 11:35:36.069 [restartedMain] INFO  o.s.d.r.config.RepositoryConfigurationDelegate - Finished Spring Data repository scanning in 13 ms. Found 0 Redis repository interfaces.
2024-11-13 11:35:36.478 [restartedMain] INFO  o.s.boot.web.embedded.tomcat.TomcatWebServer - Tomcat initialized with port(s): 8080 (http)
2024-11-13 11:35:36.502 [restartedMain] INFO  org.apache.coyote.http11.Http11NioProtocol - Initializing ProtocolHandler ["http-nio-8080"]
2024-11-13 11:35:36.503 [restartedMain] INFO  org.apache.catalina.core.StandardService - Starting service [Tomcat]
2024-11-13 11:35:36.503 [restartedMain] INFO  org.apache.catalina.core.StandardEngine - Starting Servlet engine: [Apache Tomcat/9.0.41]
2024-11-13 11:35:36.598 [restartedMain] INFO  o.a.c.core.ContainerBase.[Tomcat].[localhost].[/] - Initializing Spring embedded WebApplicationContext
2024-11-13 11:35:36.598 [restartedMain] INFO  o.s.b.w.s.c.ServletWebServerApplicationContext - Root WebApplicationContext: initialization completed in 1031 ms
2024-11-13 11:35:36.890 [restartedMain] INFO  c.a.d.s.b.a.DruidDataSourceAutoConfigure - Init DruidDataSource
2024-11-13 11:35:37.531 [restartedMain] INFO  com.alibaba.druid.pool.DruidDataSource - {dataSource-1} inited
2024-11-13 11:35:38.378 [restartedMain] INFO  o.s.scheduling.concurrent.ThreadPoolTaskExecutor - Initializing ExecutorService 'applicationTaskExecutor'
2024-11-13 11:35:38.586 [restartedMain] INFO  o.s.b.d.autoconfigure.OptionalLiveReloadServer - LiveReload server is running on port 35729
2024-11-13 11:35:38.606 [restartedMain] INFO  org.apache.coyote.http11.Http11NioProtocol - Starting ProtocolHandler ["http-nio-8080"]
2024-11-13 11:35:38.629 [restartedMain] INFO  o.s.boot.web.embedded.tomcat.TomcatWebServer - Tomcat started on port(s): 8080 (http) with context path ''
2024-11-13 11:35:38.635 [restartedMain] INFO  com.cow.horse.BackendApplication - Started BackendApplication in 3.473 seconds (JVM running for 4.24)
2024-11-13 11:35:38.637 [restartedMain] INFO  com.cow.horse.BackendApplication - =====================项目后端启动成功============================
2024-11-13 11:35:50.191 [http-nio-8080-exec-4] INFO  o.a.c.core.ContainerBase.[Tomcat].[localhost].[/] - Initializing Spring DispatcherServlet 'dispatcherServlet'
2024-11-13 11:35:50.192 [http-nio-8080-exec-4] INFO  org.springframework.web.servlet.DispatcherServlet - Initializing Servlet 'dispatcherServlet'
2024-11-13 11:35:50.194 [http-nio-8080-exec-4] INFO  org.springframework.web.servlet.DispatcherServlet - Completed initialization in 2 ms
2024-11-13 11:41:37.297 [SpringContextShutdownHook] INFO  o.s.scheduling.concurrent.ThreadPoolTaskExecutor - Shutting down ExecutorService 'applicationTaskExecutor'
2024-11-13 11:41:37.298 [SpringContextShutdownHook] INFO  com.alibaba.druid.pool.DruidDataSource - {dataSource-1} closing ...
2024-11-13 11:41:37.302 [SpringContextShutdownHook] INFO  com.alibaba.druid.pool.DruidDataSource - {dataSource-1} closed
2024-11-13 11:41:44.580 [restartedMain] INFO  com.cow.horse.BackendApplication - Starting BackendApplication using Java 1.8.0_361 on Snow with PID 26872 (E:\Source_Code\SpringBoot+Vue旅游信息推荐系统（带文档）\SpringBoot+Vue旅游信息推荐系统\backend-Api\target\classes started by 29064 in E:\Source_Code\SpringBoot+Vue旅游信息推荐系统（带文档）\SpringBoot+Vue旅游信息推荐系统\backend-Api)
2024-11-13 11:41:44.583 [restartedMain] INFO  com.cow.horse.BackendApplication - The following profiles are active: dev
2024-11-13 11:41:44.618 [restartedMain] INFO  o.s.b.d.env.DevToolsPropertyDefaultsPostProcessor - Devtools property defaults active! Set 'spring.devtools.add-properties' to 'false' to disable
2024-11-13 11:41:44.618 [restartedMain] INFO  o.s.b.d.env.DevToolsPropertyDefaultsPostProcessor - For additional web related logging consider setting the 'logging.level.web' property to 'DEBUG'
2024-11-13 11:41:45.092 [restartedMain] INFO  o.s.d.r.config.RepositoryConfigurationDelegate - Multiple Spring Data modules found, entering strict repository configuration mode!
2024-11-13 11:41:45.093 [restartedMain] INFO  o.s.d.r.config.RepositoryConfigurationDelegate - Bootstrapping Spring Data Redis repositories in DEFAULT mode.
2024-11-13 11:41:45.117 [restartedMain] INFO  o.s.d.r.config.RepositoryConfigurationDelegate - Finished Spring Data repository scanning in 15 ms. Found 0 Redis repository interfaces.
2024-11-13 11:41:45.529 [restartedMain] INFO  o.s.boot.web.embedded.tomcat.TomcatWebServer - Tomcat initialized with port(s): 8080 (http)
2024-11-13 11:41:45.536 [restartedMain] INFO  org.apache.coyote.http11.Http11NioProtocol - Initializing ProtocolHandler ["http-nio-8080"]
2024-11-13 11:41:45.537 [restartedMain] INFO  org.apache.catalina.core.StandardService - Starting service [Tomcat]
2024-11-13 11:41:45.537 [restartedMain] INFO  org.apache.catalina.core.StandardEngine - Starting Servlet engine: [Apache Tomcat/9.0.41]
2024-11-13 11:41:45.627 [restartedMain] INFO  o.a.c.core.ContainerBase.[Tomcat].[localhost].[/] - Initializing Spring embedded WebApplicationContext
2024-11-13 11:41:45.628 [restartedMain] INFO  o.s.b.w.s.c.ServletWebServerApplicationContext - Root WebApplicationContext: initialization completed in 1009 ms
2024-11-13 11:41:45.938 [restartedMain] INFO  c.a.d.s.b.a.DruidDataSourceAutoConfigure - Init DruidDataSource
2024-11-13 11:41:46.563 [restartedMain] INFO  com.alibaba.druid.pool.DruidDataSource - {dataSource-1} inited
2024-11-13 11:41:47.384 [restartedMain] INFO  o.s.scheduling.concurrent.ThreadPoolTaskExecutor - Initializing ExecutorService 'applicationTaskExecutor'
2024-11-13 11:41:47.584 [restartedMain] INFO  o.s.b.d.autoconfigure.OptionalLiveReloadServer - LiveReload server is running on port 35729
2024-11-13 11:41:47.604 [restartedMain] INFO  org.apache.coyote.http11.Http11NioProtocol - Starting ProtocolHandler ["http-nio-8080"]
2024-11-13 11:41:47.628 [restartedMain] INFO  o.s.boot.web.embedded.tomcat.TomcatWebServer - Tomcat started on port(s): 8080 (http) with context path ''
2024-11-13 11:41:47.634 [restartedMain] INFO  com.cow.horse.BackendApplication - Started BackendApplication in 3.412 seconds (JVM running for 4.179)
2024-11-13 11:41:47.637 [restartedMain] INFO  com.cow.horse.BackendApplication - =====================项目后端启动成功============================
2024-11-13 11:42:17.383 [http-nio-8080-exec-2] INFO  o.a.c.core.ContainerBase.[Tomcat].[localhost].[/] - Initializing Spring DispatcherServlet 'dispatcherServlet'
2024-11-13 11:42:17.383 [http-nio-8080-exec-2] INFO  org.springframework.web.servlet.DispatcherServlet - Initializing Servlet 'dispatcherServlet'
2024-11-13 11:42:17.384 [http-nio-8080-exec-2] INFO  org.springframework.web.servlet.DispatcherServlet - Completed initialization in 0 ms
2024-11-13 11:44:41.030 [http-nio-8080-exec-22] INFO  com.cow.horse.handle.MyMetaObjectHandler - 公共字段自动填充[update]...
2024-11-13 11:44:41.048 [http-nio-8080-exec-22] INFO  com.cow.horse.handle.MyMetaObjectHandler - 公共字段自动填充[insert]...
2024-11-13 11:51:08.216 [SpringContextShutdownHook] INFO  o.s.scheduling.concurrent.ThreadPoolTaskExecutor - Shutting down ExecutorService 'applicationTaskExecutor'
2024-11-13 11:51:08.217 [SpringContextShutdownHook] INFO  com.alibaba.druid.pool.DruidDataSource - {dataSource-1} closing ...
2024-11-13 11:51:08.222 [SpringContextShutdownHook] INFO  com.alibaba.druid.pool.DruidDataSource - {dataSource-1} closed
2024-11-13 11:51:11.590 [restartedMain] INFO  com.cow.horse.BackendApplication - Starting BackendApplication using Java 1.8.0_361 on Snow with PID 21412 (E:\Source_Code\SpringBoot+Vue旅游信息推荐系统（带文档）\SpringBoot+Vue旅游信息推荐系统\backend-Api\target\classes started by 29064 in E:\Source_Code\SpringBoot+Vue旅游信息推荐系统（带文档）\SpringBoot+Vue旅游信息推荐系统\backend-Api)
2024-11-13 11:51:11.591 [restartedMain] INFO  com.cow.horse.BackendApplication - The following profiles are active: dev
2024-11-13 11:51:11.622 [restartedMain] INFO  o.s.b.d.env.DevToolsPropertyDefaultsPostProcessor - Devtools property defaults active! Set 'spring.devtools.add-properties' to 'false' to disable
2024-11-13 11:51:11.622 [restartedMain] INFO  o.s.b.d.env.DevToolsPropertyDefaultsPostProcessor - For additional web related logging consider setting the 'logging.level.web' property to 'DEBUG'
2024-11-13 11:51:12.097 [restartedMain] INFO  o.s.d.r.config.RepositoryConfigurationDelegate - Multiple Spring Data modules found, entering strict repository configuration mode!
2024-11-13 11:51:12.099 [restartedMain] INFO  o.s.d.r.config.RepositoryConfigurationDelegate - Bootstrapping Spring Data Redis repositories in DEFAULT mode.
2024-11-13 11:51:12.124 [restartedMain] INFO  o.s.d.r.config.RepositoryConfigurationDelegate - Finished Spring Data repository scanning in 14 ms. Found 0 Redis repository interfaces.
2024-11-13 11:51:12.537 [restartedMain] INFO  o.s.boot.web.embedded.tomcat.TomcatWebServer - Tomcat initialized with port(s): 8080 (http)
2024-11-13 11:51:12.543 [restartedMain] INFO  org.apache.coyote.http11.Http11NioProtocol - Initializing ProtocolHandler ["http-nio-8080"]
2024-11-13 11:51:12.543 [restartedMain] INFO  org.apache.catalina.core.StandardService - Starting service [Tomcat]
2024-11-13 11:51:12.544 [restartedMain] INFO  org.apache.catalina.core.StandardEngine - Starting Servlet engine: [Apache Tomcat/9.0.41]
2024-11-13 11:51:12.635 [restartedMain] INFO  o.a.c.core.ContainerBase.[Tomcat].[localhost].[/] - Initializing Spring embedded WebApplicationContext
2024-11-13 11:51:12.635 [restartedMain] INFO  o.s.b.w.s.c.ServletWebServerApplicationContext - Root WebApplicationContext: initialization completed in 1012 ms
2024-11-13 11:51:12.990 [restartedMain] INFO  c.a.d.s.b.a.DruidDataSourceAutoConfigure - Init DruidDataSource
2024-11-13 11:51:13.739 [restartedMain] INFO  com.alibaba.druid.pool.DruidDataSource - {dataSource-1} inited
2024-11-13 11:51:14.485 [restartedMain] INFO  com.alibaba.druid.pool.DruidDataSource - {dataSource-1} closing ...
2024-11-13 11:51:14.489 [restartedMain] INFO  com.alibaba.druid.pool.DruidDataSource - {dataSource-1} closed
2024-11-13 11:51:14.509 [restartedMain] INFO  org.apache.catalina.core.StandardService - Stopping service [Tomcat]
2024-11-13 11:51:14.519 [restartedMain] INFO  o.s.b.a.l.ConditionEvaluationReportLoggingListener - 

Error starting ApplicationContext. To display the conditions report re-run your application with 'debug' enabled.
2024-11-13 11:51:37.263 [restartedMain] INFO  com.cow.horse.BackendApplication - Starting BackendApplication using Java 1.8.0_361 on Snow with PID 27008 (E:\Source_Code\SpringBoot+Vue旅游信息推荐系统（带文档）\SpringBoot+Vue旅游信息推荐系统\backend-Api\target\classes started by 29064 in E:\Source_Code\SpringBoot+Vue旅游信息推荐系统（带文档）\SpringBoot+Vue旅游信息推荐系统\backend-Api)
2024-11-13 11:51:37.265 [restartedMain] INFO  com.cow.horse.BackendApplication - The following profiles are active: dev
2024-11-13 11:51:37.299 [restartedMain] INFO  o.s.b.d.env.DevToolsPropertyDefaultsPostProcessor - Devtools property defaults active! Set 'spring.devtools.add-properties' to 'false' to disable
2024-11-13 11:51:37.300 [restartedMain] INFO  o.s.b.d.env.DevToolsPropertyDefaultsPostProcessor - For additional web related logging consider setting the 'logging.level.web' property to 'DEBUG'
2024-11-13 11:51:37.803 [restartedMain] INFO  o.s.d.r.config.RepositoryConfigurationDelegate - Multiple Spring Data modules found, entering strict repository configuration mode!
2024-11-13 11:51:37.806 [restartedMain] INFO  o.s.d.r.config.RepositoryConfigurationDelegate - Bootstrapping Spring Data Redis repositories in DEFAULT mode.
2024-11-13 11:51:37.834 [restartedMain] INFO  o.s.d.r.config.RepositoryConfigurationDelegate - Finished Spring Data repository scanning in 15 ms. Found 0 Redis repository interfaces.
2024-11-13 11:51:38.262 [restartedMain] INFO  o.s.boot.web.embedded.tomcat.TomcatWebServer - Tomcat initialized with port(s): 8080 (http)
2024-11-13 11:51:38.268 [restartedMain] INFO  org.apache.coyote.http11.Http11NioProtocol - Initializing ProtocolHandler ["http-nio-8080"]
2024-11-13 11:51:38.268 [restartedMain] INFO  org.apache.catalina.core.StandardService - Starting service [Tomcat]
2024-11-13 11:51:38.269 [restartedMain] INFO  org.apache.catalina.core.StandardEngine - Starting Servlet engine: [Apache Tomcat/9.0.41]
2024-11-13 11:51:38.362 [restartedMain] INFO  o.a.c.core.ContainerBase.[Tomcat].[localhost].[/] - Initializing Spring embedded WebApplicationContext
2024-11-13 11:51:38.363 [restartedMain] INFO  o.s.b.w.s.c.ServletWebServerApplicationContext - Root WebApplicationContext: initialization completed in 1063 ms
2024-11-13 11:51:38.638 [restartedMain] INFO  c.a.d.s.b.a.DruidDataSourceAutoConfigure - Init DruidDataSource
2024-11-13 11:51:39.270 [restartedMain] INFO  com.alibaba.druid.pool.DruidDataSource - {dataSource-1} inited
2024-11-13 11:51:39.929 [restartedMain] INFO  com.alibaba.druid.pool.DruidDataSource - {dataSource-1} closing ...
2024-11-13 11:51:39.932 [restartedMain] INFO  com.alibaba.druid.pool.DruidDataSource - {dataSource-1} closed
2024-11-13 11:51:39.946 [restartedMain] INFO  org.apache.catalina.core.StandardService - Stopping service [Tomcat]
2024-11-13 11:51:39.954 [restartedMain] INFO  o.s.b.a.l.ConditionEvaluationReportLoggingListener - 

Error starting ApplicationContext. To display the conditions report re-run your application with 'debug' enabled.
2024-11-13 11:52:02.680 [restartedMain] INFO  com.cow.horse.BackendApplication - Starting BackendApplication using Java 1.8.0_361 on Snow with PID 27280 (E:\Source_Code\SpringBoot+Vue旅游信息推荐系统（带文档）\SpringBoot+Vue旅游信息推荐系统\backend-Api\target\classes started by 29064 in E:\Source_Code\SpringBoot+Vue旅游信息推荐系统（带文档）\SpringBoot+Vue旅游信息推荐系统\backend-Api)
2024-11-13 11:52:02.683 [restartedMain] INFO  com.cow.horse.BackendApplication - The following profiles are active: dev
2024-11-13 11:52:02.735 [restartedMain] INFO  o.s.b.d.env.DevToolsPropertyDefaultsPostProcessor - Devtools property defaults active! Set 'spring.devtools.add-properties' to 'false' to disable
2024-11-13 11:52:02.735 [restartedMain] INFO  o.s.b.d.env.DevToolsPropertyDefaultsPostProcessor - For additional web related logging consider setting the 'logging.level.web' property to 'DEBUG'
2024-11-13 11:52:03.160 [restartedMain] INFO  o.s.d.r.config.RepositoryConfigurationDelegate - Multiple Spring Data modules found, entering strict repository configuration mode!
2024-11-13 11:52:03.162 [restartedMain] INFO  o.s.d.r.config.RepositoryConfigurationDelegate - Bootstrapping Spring Data Redis repositories in DEFAULT mode.
2024-11-13 11:52:03.189 [restartedMain] INFO  o.s.d.r.config.RepositoryConfigurationDelegate - Finished Spring Data repository scanning in 18 ms. Found 0 Redis repository interfaces.
2024-11-13 11:52:03.605 [restartedMain] INFO  o.s.boot.web.embedded.tomcat.TomcatWebServer - Tomcat initialized with port(s): 8080 (http)
2024-11-13 11:52:03.612 [restartedMain] INFO  org.apache.coyote.http11.Http11NioProtocol - Initializing ProtocolHandler ["http-nio-8080"]
2024-11-13 11:52:03.612 [restartedMain] INFO  org.apache.catalina.core.StandardService - Starting service [Tomcat]
2024-11-13 11:52:03.612 [restartedMain] INFO  org.apache.catalina.core.StandardEngine - Starting Servlet engine: [Apache Tomcat/9.0.41]
2024-11-13 11:52:03.706 [restartedMain] INFO  o.a.c.core.ContainerBase.[Tomcat].[localhost].[/] - Initializing Spring embedded WebApplicationContext
2024-11-13 11:52:03.707 [restartedMain] INFO  o.s.b.w.s.c.ServletWebServerApplicationContext - Root WebApplicationContext: initialization completed in 972 ms
2024-11-13 11:52:03.989 [restartedMain] INFO  c.a.d.s.b.a.DruidDataSourceAutoConfigure - Init DruidDataSource
2024-11-13 11:52:04.472 [restartedMain] INFO  com.cow.horse.BackendApplication - Starting BackendApplication using Java 1.8.0_361 on Snow with PID 27788 (E:\Source_Code\SpringBoot+Vue旅游信息推荐系统（带文档）\SpringBoot+Vue旅游信息推荐系统\backend-Api\target\classes started by 29064 in E:\Source_Code\SpringBoot+Vue旅游信息推荐系统（带文档）\SpringBoot+Vue旅游信息推荐系统\backend-Api)
2024-11-13 11:52:04.474 [restartedMain] INFO  com.cow.horse.BackendApplication - The following profiles are active: dev
2024-11-13 11:52:04.505 [restartedMain] INFO  o.s.b.d.env.DevToolsPropertyDefaultsPostProcessor - Devtools property defaults active! Set 'spring.devtools.add-properties' to 'false' to disable
2024-11-13 11:52:04.506 [restartedMain] INFO  o.s.b.d.env.DevToolsPropertyDefaultsPostProcessor - For additional web related logging consider setting the 'logging.level.web' property to 'DEBUG'
2024-11-13 11:52:04.646 [restartedMain] INFO  com.alibaba.druid.pool.DruidDataSource - {dataSource-1} inited
2024-11-13 11:52:04.999 [restartedMain] INFO  o.s.d.r.config.RepositoryConfigurationDelegate - Multiple Spring Data modules found, entering strict repository configuration mode!
2024-11-13 11:52:05.001 [restartedMain] INFO  o.s.d.r.config.RepositoryConfigurationDelegate - Bootstrapping Spring Data Redis repositories in DEFAULT mode.
2024-11-13 11:52:05.027 [restartedMain] INFO  o.s.d.r.config.RepositoryConfigurationDelegate - Finished Spring Data repository scanning in 14 ms. Found 0 Redis repository interfaces.
2024-11-13 11:52:05.454 [restartedMain] INFO  o.s.boot.web.embedded.tomcat.TomcatWebServer - Tomcat initialized with port(s): 8080 (http)
2024-11-13 11:52:05.460 [restartedMain] INFO  org.apache.coyote.http11.Http11NioProtocol - Initializing ProtocolHandler ["http-nio-8080"]
2024-11-13 11:52:05.460 [restartedMain] INFO  org.apache.catalina.core.StandardService - Starting service [Tomcat]
2024-11-13 11:52:05.460 [restartedMain] INFO  org.apache.catalina.core.StandardEngine - Starting Servlet engine: [Apache Tomcat/9.0.41]
2024-11-13 11:52:05.540 [restartedMain] INFO  o.s.scheduling.concurrent.ThreadPoolTaskExecutor - Initializing ExecutorService 'applicationTaskExecutor'
2024-11-13 11:52:05.550 [restartedMain] INFO  o.a.c.core.ContainerBase.[Tomcat].[localhost].[/] - Initializing Spring embedded WebApplicationContext
2024-11-13 11:52:05.552 [restartedMain] INFO  o.s.b.w.s.c.ServletWebServerApplicationContext - Root WebApplicationContext: initialization completed in 1045 ms
2024-11-13 11:52:05.728 [restartedMain] INFO  o.s.b.d.autoconfigure.OptionalLiveReloadServer - LiveReload server is running on port 35729
2024-11-13 11:52:05.756 [restartedMain] INFO  org.apache.coyote.http11.Http11NioProtocol - Starting ProtocolHandler ["http-nio-8080"]
2024-11-13 11:52:05.780 [restartedMain] INFO  o.s.boot.web.embedded.tomcat.TomcatWebServer - Tomcat started on port(s): 8080 (http) with context path ''
2024-11-13 11:52:05.789 [restartedMain] INFO  com.cow.horse.BackendApplication - Started BackendApplication in 3.434 seconds (JVM running for 4.187)
2024-11-13 11:52:05.792 [restartedMain] INFO  com.cow.horse.BackendApplication - =====================项目后端启动成功============================
2024-11-13 11:52:05.873 [restartedMain] INFO  c.a.d.s.b.a.DruidDataSourceAutoConfigure - Init DruidDataSource
2024-11-13 11:52:06.526 [restartedMain] INFO  com.alibaba.druid.pool.DruidDataSource - {dataSource-1} inited
2024-11-13 11:52:07.374 [restartedMain] INFO  o.s.scheduling.concurrent.ThreadPoolTaskExecutor - Initializing ExecutorService 'applicationTaskExecutor'
2024-11-13 11:52:07.588 [restartedMain] INFO  org.apache.coyote.http11.Http11NioProtocol - Starting ProtocolHandler ["http-nio-8080"]
2024-11-13 11:52:07.597 [restartedMain] INFO  o.s.scheduling.concurrent.ThreadPoolTaskExecutor - Shutting down ExecutorService 'applicationTaskExecutor'
2024-11-13 11:52:07.598 [restartedMain] INFO  com.alibaba.druid.pool.DruidDataSource - {dataSource-1} closing ...
2024-11-13 11:52:07.602 [restartedMain] INFO  com.alibaba.druid.pool.DruidDataSource - {dataSource-1} closed
2024-11-13 11:52:07.616 [restartedMain] INFO  org.apache.coyote.http11.Http11NioProtocol - Pausing ProtocolHandler ["http-nio-8080"]
2024-11-13 11:52:07.616 [restartedMain] INFO  org.apache.catalina.core.StandardService - Stopping service [Tomcat]
2024-11-13 11:52:07.619 [restartedMain] INFO  org.apache.coyote.http11.Http11NioProtocol - Stopping ProtocolHandler ["http-nio-8080"]
2024-11-13 11:52:07.620 [restartedMain] INFO  org.apache.coyote.http11.Http11NioProtocol - Destroying ProtocolHandler ["http-nio-8080"]
2024-11-13 11:52:07.624 [restartedMain] INFO  o.s.b.a.l.ConditionEvaluationReportLoggingListener - 

Error starting ApplicationContext. To display the conditions report re-run your application with 'debug' enabled.
2024-11-13 11:52:09.514 [SpringContextShutdownHook] INFO  o.s.scheduling.concurrent.ThreadPoolTaskExecutor - Shutting down ExecutorService 'applicationTaskExecutor'
2024-11-13 11:52:09.515 [SpringContextShutdownHook] INFO  com.alibaba.druid.pool.DruidDataSource - {dataSource-1} closing ...
2024-11-13 11:52:09.519 [SpringContextShutdownHook] INFO  com.alibaba.druid.pool.DruidDataSource - {dataSource-1} closed
2024-11-13 11:52:12.466 [restartedMain] INFO  com.cow.horse.BackendApplication - Starting BackendApplication using Java 1.8.0_361 on Snow with PID 25412 (E:\Source_Code\SpringBoot+Vue旅游信息推荐系统（带文档）\SpringBoot+Vue旅游信息推荐系统\backend-Api\target\classes started by 29064 in E:\Source_Code\SpringBoot+Vue旅游信息推荐系统（带文档）\SpringBoot+Vue旅游信息推荐系统\backend-Api)
2024-11-13 11:52:12.468 [restartedMain] INFO  com.cow.horse.BackendApplication - The following profiles are active: dev
2024-11-13 11:52:12.529 [restartedMain] INFO  o.s.b.d.env.DevToolsPropertyDefaultsPostProcessor - Devtools property defaults active! Set 'spring.devtools.add-properties' to 'false' to disable
2024-11-13 11:52:12.530 [restartedMain] INFO  o.s.b.d.env.DevToolsPropertyDefaultsPostProcessor - For additional web related logging consider setting the 'logging.level.web' property to 'DEBUG'
2024-11-13 11:52:12.964 [restartedMain] INFO  o.s.d.r.config.RepositoryConfigurationDelegate - Multiple Spring Data modules found, entering strict repository configuration mode!
2024-11-13 11:52:12.965 [restartedMain] INFO  o.s.d.r.config.RepositoryConfigurationDelegate - Bootstrapping Spring Data Redis repositories in DEFAULT mode.
2024-11-13 11:52:12.989 [restartedMain] INFO  o.s.d.r.config.RepositoryConfigurationDelegate - Finished Spring Data repository scanning in 14 ms. Found 0 Redis repository interfaces.
2024-11-13 11:52:13.359 [restartedMain] INFO  o.s.boot.web.embedded.tomcat.TomcatWebServer - Tomcat initialized with port(s): 8080 (http)
2024-11-13 11:52:13.365 [restartedMain] INFO  org.apache.coyote.http11.Http11NioProtocol - Initializing ProtocolHandler ["http-nio-8080"]
2024-11-13 11:52:13.365 [restartedMain] INFO  org.apache.catalina.core.StandardService - Starting service [Tomcat]
2024-11-13 11:52:13.365 [restartedMain] INFO  org.apache.catalina.core.StandardEngine - Starting Servlet engine: [Apache Tomcat/9.0.41]
2024-11-13 11:52:13.450 [restartedMain] INFO  o.a.c.core.ContainerBase.[Tomcat].[localhost].[/] - Initializing Spring embedded WebApplicationContext
2024-11-13 11:52:13.450 [restartedMain] INFO  o.s.b.w.s.c.ServletWebServerApplicationContext - Root WebApplicationContext: initialization completed in 920 ms
2024-11-13 11:52:13.717 [restartedMain] INFO  c.a.d.s.b.a.DruidDataSourceAutoConfigure - Init DruidDataSource
2024-11-13 11:52:14.346 [restartedMain] INFO  com.alibaba.druid.pool.DruidDataSource - {dataSource-1} inited
2024-11-13 11:52:15.165 [restartedMain] INFO  o.s.scheduling.concurrent.ThreadPoolTaskExecutor - Initializing ExecutorService 'applicationTaskExecutor'
2024-11-13 11:52:15.353 [restartedMain] INFO  o.s.b.d.autoconfigure.OptionalLiveReloadServer - LiveReload server is running on port 35729
2024-11-13 11:52:15.375 [restartedMain] INFO  org.apache.coyote.http11.Http11NioProtocol - Starting ProtocolHandler ["http-nio-8080"]
2024-11-13 11:52:15.396 [restartedMain] INFO  o.s.boot.web.embedded.tomcat.TomcatWebServer - Tomcat started on port(s): 8080 (http) with context path ''
2024-11-13 11:52:15.402 [restartedMain] INFO  com.cow.horse.BackendApplication - Started BackendApplication in 3.26 seconds (JVM running for 4.001)
2024-11-13 11:52:15.406 [restartedMain] INFO  com.cow.horse.BackendApplication - =====================项目后端启动成功============================
2024-11-13 11:52:21.111 [SpringContextShutdownHook] INFO  o.s.scheduling.concurrent.ThreadPoolTaskExecutor - Shutting down ExecutorService 'applicationTaskExecutor'
2024-11-13 11:52:21.112 [SpringContextShutdownHook] INFO  com.alibaba.druid.pool.DruidDataSource - {dataSource-1} closing ...
2024-11-13 11:52:21.116 [SpringContextShutdownHook] INFO  com.alibaba.druid.pool.DruidDataSource - {dataSource-1} closed
2024-11-13 11:52:24.520 [restartedMain] INFO  com.cow.horse.BackendApplication - Starting BackendApplication using Java 1.8.0_361 on Snow with PID 8516 (E:\Source_Code\SpringBoot+Vue旅游信息推荐系统（带文档）\SpringBoot+Vue旅游信息推荐系统\backend-Api\target\classes started by 29064 in E:\Source_Code\SpringBoot+Vue旅游信息推荐系统（带文档）\SpringBoot+Vue旅游信息推荐系统\backend-Api)
2024-11-13 11:52:24.523 [restartedMain] INFO  com.cow.horse.BackendApplication - The following profiles are active: dev
2024-11-13 11:52:24.554 [restartedMain] INFO  o.s.b.d.env.DevToolsPropertyDefaultsPostProcessor - Devtools property defaults active! Set 'spring.devtools.add-properties' to 'false' to disable
2024-11-13 11:52:24.555 [restartedMain] INFO  o.s.b.d.env.DevToolsPropertyDefaultsPostProcessor - For additional web related logging consider setting the 'logging.level.web' property to 'DEBUG'
2024-11-13 11:52:25.030 [restartedMain] INFO  o.s.d.r.config.RepositoryConfigurationDelegate - Multiple Spring Data modules found, entering strict repository configuration mode!
2024-11-13 11:52:25.031 [restartedMain] INFO  o.s.d.r.config.RepositoryConfigurationDelegate - Bootstrapping Spring Data Redis repositories in DEFAULT mode.
2024-11-13 11:52:25.055 [restartedMain] INFO  o.s.d.r.config.RepositoryConfigurationDelegate - Finished Spring Data repository scanning in 14 ms. Found 0 Redis repository interfaces.
2024-11-13 11:52:25.477 [restartedMain] INFO  o.s.boot.web.embedded.tomcat.TomcatWebServer - Tomcat initialized with port(s): 8080 (http)
2024-11-13 11:52:25.483 [restartedMain] INFO  org.apache.coyote.http11.Http11NioProtocol - Initializing ProtocolHandler ["http-nio-8080"]
2024-11-13 11:52:25.484 [restartedMain] INFO  org.apache.catalina.core.StandardService - Starting service [Tomcat]
2024-11-13 11:52:25.484 [restartedMain] INFO  org.apache.catalina.core.StandardEngine - Starting Servlet engine: [Apache Tomcat/9.0.41]
2024-11-13 11:52:25.568 [restartedMain] INFO  o.a.c.core.ContainerBase.[Tomcat].[localhost].[/] - Initializing Spring embedded WebApplicationContext
2024-11-13 11:52:25.569 [restartedMain] INFO  o.s.b.w.s.c.ServletWebServerApplicationContext - Root WebApplicationContext: initialization completed in 1013 ms
2024-11-13 11:52:25.840 [restartedMain] INFO  c.a.d.s.b.a.DruidDataSourceAutoConfigure - Init DruidDataSource
2024-11-13 11:52:26.488 [restartedMain] INFO  com.alibaba.druid.pool.DruidDataSource - {dataSource-1} inited
2024-11-13 11:52:27.312 [restartedMain] INFO  o.s.scheduling.concurrent.ThreadPoolTaskExecutor - Initializing ExecutorService 'applicationTaskExecutor'
2024-11-13 11:52:27.510 [restartedMain] INFO  o.s.b.d.autoconfigure.OptionalLiveReloadServer - LiveReload server is running on port 35729
2024-11-13 11:52:27.532 [restartedMain] INFO  org.apache.coyote.http11.Http11NioProtocol - Starting ProtocolHandler ["http-nio-8080"]
2024-11-13 11:52:27.553 [restartedMain] INFO  o.s.boot.web.embedded.tomcat.TomcatWebServer - Tomcat started on port(s): 8080 (http) with context path ''
2024-11-13 11:52:27.559 [restartedMain] INFO  com.cow.horse.BackendApplication - Started BackendApplication in 3.421 seconds (JVM running for 4.177)
2024-11-13 11:52:27.561 [restartedMain] INFO  com.cow.horse.BackendApplication - =====================项目后端启动成功============================
2024-11-13 11:52:38.310 [http-nio-8080-exec-1] INFO  o.a.c.core.ContainerBase.[Tomcat].[localhost].[/] - Initializing Spring DispatcherServlet 'dispatcherServlet'
2024-11-13 11:52:38.310 [http-nio-8080-exec-1] INFO  org.springframework.web.servlet.DispatcherServlet - Initializing Servlet 'dispatcherServlet'
2024-11-13 11:52:38.311 [http-nio-8080-exec-1] INFO  org.springframework.web.servlet.DispatcherServlet - Completed initialization in 1 ms
2024-11-13 12:00:57.040 [http-nio-8080-exec-77] INFO  com.cow.horse.handle.MyMetaObjectHandler - 公共字段自动填充[insert]...
2024-11-13 12:01:07.293 [http-nio-8080-exec-60] INFO  com.cow.horse.handle.MyMetaObjectHandler - 公共字段自动填充[insert]...
2024-11-13 12:01:15.885 [http-nio-8080-exec-79] INFO  com.cow.horse.handle.MyMetaObjectHandler - 公共字段自动填充[insert]...
2024-11-13 12:01:26.130 [http-nio-8080-exec-62] INFO  com.cow.horse.handle.MyMetaObjectHandler - 公共字段自动填充[insert]...
2024-11-13 12:01:35.223 [http-nio-8080-exec-81] INFO  com.cow.horse.handle.MyMetaObjectHandler - 公共字段自动填充[insert]...
2024-11-13 12:01:45.597 [http-nio-8080-exec-82] INFO  com.cow.horse.handle.MyMetaObjectHandler - 公共字段自动填充[insert]...
2024-11-13 12:02:06.314 [http-nio-8080-exec-83] INFO  com.cow.horse.handle.MyMetaObjectHandler - 公共字段自动填充[insert]...
2024-11-13 12:02:23.598 [http-nio-8080-exec-1] INFO  com.cow.horse.handle.MyMetaObjectHandler - 公共字段自动填充[update]...
2024-11-13 12:02:23.613 [http-nio-8080-exec-1] INFO  com.cow.horse.handle.MyMetaObjectHandler - 公共字段自动填充[insert]...
2024-11-13 12:02:36.533 [http-nio-8080-exec-9] INFO  com.cow.horse.handle.MyMetaObjectHandler - 公共字段自动填充[update]...
2024-11-13 12:02:36.539 [http-nio-8080-exec-9] INFO  com.cow.horse.handle.MyMetaObjectHandler - 公共字段自动填充[insert]...
2024-11-13 12:03:09.336 [http-nio-8080-exec-52] INFO  com.cow.horse.handle.MyMetaObjectHandler - 公共字段自动填充[update]...
2024-11-13 12:03:09.343 [http-nio-8080-exec-52] INFO  com.cow.horse.handle.MyMetaObjectHandler - 公共字段自动填充[insert]...
2024-11-13 12:08:59.246 [SpringContextShutdownHook] INFO  o.s.scheduling.concurrent.ThreadPoolTaskExecutor - Shutting down ExecutorService 'applicationTaskExecutor'
2024-11-13 12:08:59.247 [SpringContextShutdownHook] INFO  com.alibaba.druid.pool.DruidDataSource - {dataSource-1} closing ...
2024-11-13 12:08:59.251 [SpringContextShutdownHook] INFO  com.alibaba.druid.pool.DruidDataSource - {dataSource-1} closed
2024-11-13 12:09:06.837 [restartedMain] INFO  com.cow.horse.BackendApplication - Starting BackendApplication using Java 1.8.0_361 on Snow with PID 26916 (E:\Source_Code\SpringBoot+Vue旅游信息推荐系统（带文档）\SpringBoot+Vue旅游信息推荐系统\backend-Api\target\classes started by 29064 in E:\Source_Code\SpringBoot+Vue旅游信息推荐系统（带文档）\SpringBoot+Vue旅游信息推荐系统\backend-Api)
2024-11-13 12:09:06.840 [restartedMain] INFO  com.cow.horse.BackendApplication - The following profiles are active: dev
2024-11-13 12:09:06.872 [restartedMain] INFO  o.s.b.d.env.DevToolsPropertyDefaultsPostProcessor - Devtools property defaults active! Set 'spring.devtools.add-properties' to 'false' to disable
2024-11-13 12:09:06.872 [restartedMain] INFO  o.s.b.d.env.DevToolsPropertyDefaultsPostProcessor - For additional web related logging consider setting the 'logging.level.web' property to 'DEBUG'
2024-11-13 12:09:07.350 [restartedMain] INFO  o.s.d.r.config.RepositoryConfigurationDelegate - Multiple Spring Data modules found, entering strict repository configuration mode!
2024-11-13 12:09:07.351 [restartedMain] INFO  o.s.d.r.config.RepositoryConfigurationDelegate - Bootstrapping Spring Data Redis repositories in DEFAULT mode.
2024-11-13 12:09:07.375 [restartedMain] INFO  o.s.d.r.config.RepositoryConfigurationDelegate - Finished Spring Data repository scanning in 14 ms. Found 0 Redis repository interfaces.
2024-11-13 12:09:07.767 [restartedMain] INFO  o.s.boot.web.embedded.tomcat.TomcatWebServer - Tomcat initialized with port(s): 8080 (http)
2024-11-13 12:09:07.775 [restartedMain] INFO  org.apache.coyote.http11.Http11NioProtocol - Initializing ProtocolHandler ["http-nio-8080"]
2024-11-13 12:09:07.776 [restartedMain] INFO  org.apache.catalina.core.StandardService - Starting service [Tomcat]
2024-11-13 12:09:07.776 [restartedMain] INFO  org.apache.catalina.core.StandardEngine - Starting Servlet engine: [Apache Tomcat/9.0.41]
2024-11-13 12:09:07.862 [restartedMain] INFO  o.a.c.core.ContainerBase.[Tomcat].[localhost].[/] - Initializing Spring embedded WebApplicationContext
2024-11-13 12:09:07.864 [restartedMain] INFO  o.s.b.w.s.c.ServletWebServerApplicationContext - Root WebApplicationContext: initialization completed in 990 ms
2024-11-13 12:09:08.165 [restartedMain] INFO  c.a.d.s.b.a.DruidDataSourceAutoConfigure - Init DruidDataSource
2024-11-13 12:09:08.814 [restartedMain] INFO  com.alibaba.druid.pool.DruidDataSource - {dataSource-1} inited
2024-11-13 12:09:09.663 [restartedMain] INFO  o.s.scheduling.concurrent.ThreadPoolTaskExecutor - Initializing ExecutorService 'applicationTaskExecutor'
2024-11-13 12:09:09.872 [restartedMain] INFO  o.s.b.d.autoconfigure.OptionalLiveReloadServer - LiveReload server is running on port 35729
2024-11-13 12:09:09.894 [restartedMain] INFO  org.apache.coyote.http11.Http11NioProtocol - Starting ProtocolHandler ["http-nio-8080"]
2024-11-13 12:09:09.911 [restartedMain] INFO  o.s.boot.web.embedded.tomcat.TomcatWebServer - Tomcat started on port(s): 8080 (http) with context path ''
2024-11-13 12:09:09.919 [restartedMain] INFO  com.cow.horse.BackendApplication - Started BackendApplication in 3.434 seconds (JVM running for 4.191)
2024-11-13 12:09:09.921 [restartedMain] INFO  com.cow.horse.BackendApplication - =====================项目后端启动成功============================
2024-11-13 12:09:23.146 [http-nio-8080-exec-1] INFO  o.a.c.core.ContainerBase.[Tomcat].[localhost].[/] - Initializing Spring DispatcherServlet 'dispatcherServlet'
2024-11-13 12:09:23.146 [http-nio-8080-exec-1] INFO  org.springframework.web.servlet.DispatcherServlet - Initializing Servlet 'dispatcherServlet'
2024-11-13 12:09:23.148 [http-nio-8080-exec-1] INFO  org.springframework.web.servlet.DispatcherServlet - Completed initialization in 1 ms
2024-11-13 12:12:32.836 [SpringContextShutdownHook] INFO  o.s.scheduling.concurrent.ThreadPoolTaskExecutor - Shutting down ExecutorService 'applicationTaskExecutor'
2024-11-13 12:12:32.837 [SpringContextShutdownHook] INFO  com.alibaba.druid.pool.DruidDataSource - {dataSource-1} closing ...
2024-11-13 12:12:32.841 [SpringContextShutdownHook] INFO  com.alibaba.druid.pool.DruidDataSource - {dataSource-1} closed
2024-11-13 12:12:40.201 [restartedMain] INFO  com.cow.horse.BackendApplication - Starting BackendApplication using Java 1.8.0_361 on Snow with PID 23844 (E:\Source_Code\SpringBoot+Vue旅游信息推荐系统（带文档）\SpringBoot+Vue旅游信息推荐系统\backend-Api\target\classes started by 29064 in E:\Source_Code\SpringBoot+Vue旅游信息推荐系统（带文档）\SpringBoot+Vue旅游信息推荐系统\backend-Api)
2024-11-13 12:12:40.203 [restartedMain] INFO  com.cow.horse.BackendApplication - The following profiles are active: dev
2024-11-13 12:12:40.239 [restartedMain] INFO  o.s.b.d.env.DevToolsPropertyDefaultsPostProcessor - Devtools property defaults active! Set 'spring.devtools.add-properties' to 'false' to disable
2024-11-13 12:12:40.240 [restartedMain] INFO  o.s.b.d.env.DevToolsPropertyDefaultsPostProcessor - For additional web related logging consider setting the 'logging.level.web' property to 'DEBUG'
2024-11-13 12:12:40.704 [restartedMain] INFO  o.s.d.r.config.RepositoryConfigurationDelegate - Multiple Spring Data modules found, entering strict repository configuration mode!
2024-11-13 12:12:40.706 [restartedMain] INFO  o.s.d.r.config.RepositoryConfigurationDelegate - Bootstrapping Spring Data Redis repositories in DEFAULT mode.
2024-11-13 12:12:40.730 [restartedMain] INFO  o.s.d.r.config.RepositoryConfigurationDelegate - Finished Spring Data repository scanning in 14 ms. Found 0 Redis repository interfaces.
2024-11-13 12:12:41.132 [restartedMain] INFO  o.s.boot.web.embedded.tomcat.TomcatWebServer - Tomcat initialized with port(s): 8080 (http)
2024-11-13 12:12:41.142 [restartedMain] INFO  org.apache.coyote.http11.Http11NioProtocol - Initializing ProtocolHandler ["http-nio-8080"]
2024-11-13 12:12:41.143 [restartedMain] INFO  org.apache.catalina.core.StandardService - Starting service [Tomcat]
2024-11-13 12:12:41.143 [restartedMain] INFO  org.apache.catalina.core.StandardEngine - Starting Servlet engine: [Apache Tomcat/9.0.41]
2024-11-13 12:12:41.244 [restartedMain] INFO  o.a.c.core.ContainerBase.[Tomcat].[localhost].[/] - Initializing Spring embedded WebApplicationContext
2024-11-13 12:12:41.245 [restartedMain] INFO  o.s.b.w.s.c.ServletWebServerApplicationContext - Root WebApplicationContext: initialization completed in 1004 ms
2024-11-13 12:12:41.537 [restartedMain] INFO  c.a.d.s.b.a.DruidDataSourceAutoConfigure - Init DruidDataSource
2024-11-13 12:12:42.211 [restartedMain] INFO  com.alibaba.druid.pool.DruidDataSource - {dataSource-1} inited
2024-11-13 12:12:43.059 [restartedMain] INFO  o.s.scheduling.concurrent.ThreadPoolTaskExecutor - Initializing ExecutorService 'applicationTaskExecutor'
2024-11-13 12:12:43.260 [restartedMain] INFO  o.s.b.d.autoconfigure.OptionalLiveReloadServer - LiveReload server is running on port 35729
2024-11-13 12:12:43.282 [restartedMain] INFO  org.apache.coyote.http11.Http11NioProtocol - Starting ProtocolHandler ["http-nio-8080"]
2024-11-13 12:12:43.315 [restartedMain] INFO  o.s.boot.web.embedded.tomcat.TomcatWebServer - Tomcat started on port(s): 8080 (http) with context path ''
2024-11-13 12:12:43.329 [restartedMain] INFO  com.cow.horse.BackendApplication - Started BackendApplication in 3.536 seconds (JVM running for 4.376)
2024-11-13 12:12:43.334 [restartedMain] INFO  com.cow.horse.BackendApplication - =====================项目后端启动成功============================
2024-11-13 12:13:04.308 [http-nio-8080-exec-1] INFO  o.a.c.core.ContainerBase.[Tomcat].[localhost].[/] - Initializing Spring DispatcherServlet 'dispatcherServlet'
2024-11-13 12:13:04.309 [http-nio-8080-exec-1] INFO  org.springframework.web.servlet.DispatcherServlet - Initializing Servlet 'dispatcherServlet'
2024-11-13 12:13:04.310 [http-nio-8080-exec-1] INFO  org.springframework.web.servlet.DispatcherServlet - Completed initialization in 1 ms
2024-11-13 12:18:07.265 [http-nio-8080-exec-64] INFO  com.cow.horse.handle.MyMetaObjectHandler - 公共字段自动填充[update]...
2024-11-13 12:18:08.857 [http-nio-8080-exec-67] INFO  com.cow.horse.handle.MyMetaObjectHandler - 公共字段自动填充[update]...
2024-11-13 12:18:09.709 [http-nio-8080-exec-68] INFO  com.cow.horse.handle.MyMetaObjectHandler - 公共字段自动填充[update]...
2024-11-13 12:18:10.153 [http-nio-8080-exec-70] INFO  com.cow.horse.handle.MyMetaObjectHandler - 公共字段自动填充[update]...
2024-11-13 12:18:10.625 [http-nio-8080-exec-72] INFO  com.cow.horse.handle.MyMetaObjectHandler - 公共字段自动填充[update]...
2024-11-13 12:18:11.065 [http-nio-8080-exec-74] INFO  com.cow.horse.handle.MyMetaObjectHandler - 公共字段自动填充[update]...
2024-11-13 12:18:13.781 [http-nio-8080-exec-76] INFO  com.cow.horse.handle.MyMetaObjectHandler - 公共字段自动填充[update]...
2024-11-13 12:18:14.210 [http-nio-8080-exec-71] INFO  com.cow.horse.handle.MyMetaObjectHandler - 公共字段自动填充[update]...
2024-11-13 12:18:14.663 [http-nio-8080-exec-79] INFO  com.cow.horse.handle.MyMetaObjectHandler - 公共字段自动填充[update]...
2024-11-13 12:18:15.170 [http-nio-8080-exec-83] INFO  com.cow.horse.handle.MyMetaObjectHandler - 公共字段自动填充[update]...
2024-11-13 12:18:15.669 [http-nio-8080-exec-85] INFO  com.cow.horse.handle.MyMetaObjectHandler - 公共字段自动填充[update]...
2024-11-13 12:20:58.178 [http-nio-8080-exec-10] INFO  com.cow.horse.handle.MyMetaObjectHandler - 公共字段自动填充[update]...
2024-11-13 12:20:58.189 [http-nio-8080-exec-10] INFO  com.cow.horse.handle.MyMetaObjectHandler - 公共字段自动填充[insert]...
2024-11-13 12:21:19.697 [http-nio-8080-exec-26] INFO  com.cow.horse.handle.MyMetaObjectHandler - 公共字段自动填充[update]...
2024-11-13 12:21:20.230 [http-nio-8080-exec-29] INFO  com.cow.horse.handle.MyMetaObjectHandler - 公共字段自动填充[update]...
2024-11-13 12:21:20.389 [http-nio-8080-exec-23] INFO  com.cow.horse.handle.MyMetaObjectHandler - 公共字段自动填充[update]...
2024-11-13 12:21:20.857 [http-nio-8080-exec-28] INFO  com.cow.horse.handle.MyMetaObjectHandler - 公共字段自动填充[update]...
2024-11-13 12:21:21.022 [http-nio-8080-exec-37] INFO  com.cow.horse.handle.MyMetaObjectHandler - 公共字段自动填充[update]...
2024-11-13 12:21:21.176 [http-nio-8080-exec-40] INFO  com.cow.horse.handle.MyMetaObjectHandler - 公共字段自动填充[update]...
2024-11-13 12:21:21.345 [http-nio-8080-exec-25] INFO  com.cow.horse.handle.MyMetaObjectHandler - 公共字段自动填充[update]...
2024-11-13 12:21:21.512 [http-nio-8080-exec-35] INFO  com.cow.horse.handle.MyMetaObjectHandler - 公共字段自动填充[update]...
2024-11-13 12:21:21.697 [http-nio-8080-exec-39] INFO  com.cow.horse.handle.MyMetaObjectHandler - 公共字段自动填充[update]...
2024-11-13 12:21:21.867 [http-nio-8080-exec-30] INFO  com.cow.horse.handle.MyMetaObjectHandler - 公共字段自动填充[update]...
2024-11-13 12:21:22.029 [http-nio-8080-exec-33] INFO  com.cow.horse.handle.MyMetaObjectHandler - 公共字段自动填充[update]...
2024-11-13 12:21:22.198 [http-nio-8080-exec-45] INFO  com.cow.horse.handle.MyMetaObjectHandler - 公共字段自动填充[update]...
2024-11-13 12:21:22.360 [http-nio-8080-exec-47] INFO  com.cow.horse.handle.MyMetaObjectHandler - 公共字段自动填充[update]...
2024-11-13 12:21:22.538 [http-nio-8080-exec-46] INFO  com.cow.horse.handle.MyMetaObjectHandler - 公共字段自动填充[update]...
2024-11-13 12:21:24.287 [http-nio-8080-exec-51] INFO  com.cow.horse.handle.MyMetaObjectHandler - 公共字段自动填充[update]...
2024-11-13 12:21:24.766 [http-nio-8080-exec-31] INFO  com.cow.horse.handle.MyMetaObjectHandler - 公共字段自动填充[update]...
2024-11-13 12:21:25.165 [http-nio-8080-exec-55] INFO  com.cow.horse.handle.MyMetaObjectHandler - 公共字段自动填充[update]...
2024-11-13 12:21:25.972 [http-nio-8080-exec-53] INFO  com.cow.horse.handle.MyMetaObjectHandler - 公共字段自动填充[update]...
2024-11-13 12:21:27.070 [http-nio-8080-exec-66] INFO  com.cow.horse.handle.MyMetaObjectHandler - 公共字段自动填充[update]...
2024-11-13 12:21:29.203 [http-nio-8080-exec-61] INFO  com.cow.horse.handle.MyMetaObjectHandler - 公共字段自动填充[update]...
2024-11-13 12:21:29.787 [http-nio-8080-exec-63] INFO  com.cow.horse.handle.MyMetaObjectHandler - 公共字段自动填充[update]...
2024-11-13 12:21:30.512 [http-nio-8080-exec-56] INFO  com.cow.horse.handle.MyMetaObjectHandler - 公共字段自动填充[update]...
2024-11-13 12:21:31.207 [http-nio-8080-exec-69] INFO  com.cow.horse.handle.MyMetaObjectHandler - 公共字段自动填充[update]...
2024-11-13 12:21:32.147 [http-nio-8080-exec-80] INFO  com.cow.horse.handle.MyMetaObjectHandler - 公共字段自动填充[update]...
2024-11-13 12:21:32.812 [http-nio-8080-exec-82] INFO  com.cow.horse.handle.MyMetaObjectHandler - 公共字段自动填充[update]...
2024-11-13 12:22:49.131 [http-nio-8080-exec-75] INFO  com.cow.horse.handle.MyMetaObjectHandler - 公共字段自动填充[insert]...
2024-11-13 12:22:52.229 [http-nio-8080-exec-81] INFO  com.cow.horse.handle.MyMetaObjectHandler - 公共字段自动填充[insert]...
2024-11-13 12:23:19.734 [http-nio-8080-exec-2] INFO  com.cow.horse.handle.MyMetaObjectHandler - 公共字段自动填充[insert]...
2024-11-13 12:23:31.240 [http-nio-8080-exec-26] INFO  com.cow.horse.handle.MyMetaObjectHandler - 公共字段自动填充[insert]...
2024-11-13 12:23:43.748 [http-nio-8080-exec-31] INFO  com.cow.horse.handle.MyMetaObjectHandler - 公共字段自动填充[insert]...
2024-11-13 12:23:51.033 [http-nio-8080-exec-61] INFO  com.cow.horse.handle.MyMetaObjectHandler - 公共字段自动填充[insert]...
2024-11-13 12:24:19.609 [http-nio-8080-exec-64] INFO  com.cow.horse.handle.MyMetaObjectHandler - 公共字段自动填充[insert]...
2024-11-13 12:26:51.654 [SpringContextShutdownHook] INFO  o.s.scheduling.concurrent.ThreadPoolTaskExecutor - Shutting down ExecutorService 'applicationTaskExecutor'
2024-11-13 12:26:51.655 [SpringContextShutdownHook] INFO  com.alibaba.druid.pool.DruidDataSource - {dataSource-1} closing ...
2024-11-13 12:26:51.659 [SpringContextShutdownHook] INFO  com.alibaba.druid.pool.DruidDataSource - {dataSource-1} closed
