2025-03-18 17:09:18.978 [restartedMain] INFO  com.cow.horse.BackendApplication - Starting BackendApplication using Java 1.8.0_261 on DESKTOP-9CD04US with PID 33880 (S:\TestProject\统计\36-springboot+vue旅游管理系统(带文档)\源码+数据库\backend-Api\target\classes started by FUCHI in S:\TestProject\统计\36-springboot+vue旅游管理系统(带文档)\源码+数据库\backend-Api)
2025-03-18 17:09:18.991 [restartedMain] INFO  com.cow.horse.BackendApplication - The following profiles are active: dev
2025-03-18 17:09:19.108 [restartedMain] INFO  o.s.b.d.env.DevToolsPropertyDefaultsPostProcessor - Devtools property defaults active! Set 'spring.devtools.add-properties' to 'false' to disable
2025-03-18 17:09:19.109 [restartedMain] INFO  o.s.b.d.env.DevToolsPropertyDefaultsPostProcessor - For additional web related logging consider setting the 'logging.level.web' property to 'DEBUG'
2025-03-18 17:09:19.915 [restartedMain] INFO  o.s.d.r.config.RepositoryConfigurationDelegate - Multiple Spring Data modules found, entering strict repository configuration mode!
2025-03-18 17:09:19.918 [restartedMain] INFO  o.s.d.r.config.RepositoryConfigurationDelegate - Bootstrapping Spring Data Redis repositories in DEFAULT mode.
2025-03-18 17:09:19.952 [restartedMain] INFO  o.s.d.r.config.RepositoryConfigurationDelegate - Finished Spring Data repository scanning in 17 ms. Found 0 Redis repository interfaces.
2025-03-18 17:09:20.497 [restartedMain] INFO  o.s.boot.web.embedded.tomcat.TomcatWebServer - Tomcat initialized with port(s): 8080 (http)
2025-03-18 17:09:20.506 [restartedMain] INFO  org.apache.coyote.http11.Http11NioProtocol - Initializing ProtocolHandler ["http-nio-8080"]
2025-03-18 17:09:20.507 [restartedMain] INFO  org.apache.catalina.core.StandardService - Starting service [Tomcat]
2025-03-18 17:09:20.507 [restartedMain] INFO  org.apache.catalina.core.StandardEngine - Starting Servlet engine: [Apache Tomcat/9.0.41]
2025-03-18 17:09:20.589 [restartedMain] INFO  o.a.c.core.ContainerBase.[Tomcat].[localhost].[/] - Initializing Spring embedded WebApplicationContext
2025-03-18 17:09:20.589 [restartedMain] INFO  o.s.b.w.s.c.ServletWebServerApplicationContext - Root WebApplicationContext: initialization completed in 1479 ms
2025-03-18 17:09:20.963 [restartedMain] INFO  c.a.d.s.b.a.DruidDataSourceAutoConfigure - Init DruidDataSource
2025-03-18 17:09:21.825 [restartedMain] INFO  com.alibaba.druid.pool.DruidDataSource - {dataSource-1} inited
2025-03-18 17:09:23.091 [restartedMain] INFO  o.s.scheduling.concurrent.ThreadPoolTaskExecutor - Initializing ExecutorService 'applicationTaskExecutor'
2025-03-18 17:09:23.370 [restartedMain] INFO  o.s.b.d.autoconfigure.OptionalLiveReloadServer - LiveReload server is running on port 35729
2025-03-18 17:09:23.408 [restartedMain] INFO  org.apache.coyote.http11.Http11NioProtocol - Starting ProtocolHandler ["http-nio-8080"]
2025-03-18 17:09:23.435 [restartedMain] INFO  o.s.boot.web.embedded.tomcat.TomcatWebServer - Tomcat started on port(s): 8080 (http) with context path ''
2025-03-18 17:09:23.445 [restartedMain] INFO  com.cow.horse.BackendApplication - Started BackendApplication in 5.454 seconds (JVM running for 6.685)
2025-03-18 17:09:23.447 [restartedMain] INFO  com.cow.horse.BackendApplication - =====================项目后端启动成功============================
2025-03-18 17:11:47.532 [http-nio-8080-exec-1] INFO  o.a.c.core.ContainerBase.[Tomcat].[localhost].[/] - Initializing Spring DispatcherServlet 'dispatcherServlet'
2025-03-18 17:11:47.532 [http-nio-8080-exec-1] INFO  org.springframework.web.servlet.DispatcherServlet - Initializing Servlet 'dispatcherServlet'
2025-03-18 17:11:47.533 [http-nio-8080-exec-1] INFO  org.springframework.web.servlet.DispatcherServlet - Completed initialization in 1 ms
2025-03-18 17:13:42.192 [http-nio-8080-exec-39] INFO  com.cow.horse.handle.MyMetaObjectHandler - 公共字段自动填充[update]...
2025-03-18 17:31:35.267 [restartedMain] INFO  com.cow.horse.BackendApplication - Starting BackendApplication using Java 1.8.0_261 on DESKTOP-9CD04US with PID 29216 (S:\TestProject\统计\36-springboot+vue旅游管理系统(带文档)\源码+数据库\backend-Api\target\classes started by FUCHI in S:\TestProject\统计\36-springboot+vue旅游管理系统(带文档)\源码+数据库\backend-Api)
2025-03-18 17:31:35.273 [restartedMain] INFO  com.cow.horse.BackendApplication - The following profiles are active: dev
2025-03-18 17:31:35.346 [restartedMain] INFO  o.s.b.d.env.DevToolsPropertyDefaultsPostProcessor - Devtools property defaults active! Set 'spring.devtools.add-properties' to 'false' to disable
2025-03-18 17:31:35.347 [restartedMain] INFO  o.s.b.d.env.DevToolsPropertyDefaultsPostProcessor - For additional web related logging consider setting the 'logging.level.web' property to 'DEBUG'
2025-03-18 17:31:36.035 [restartedMain] INFO  o.s.d.r.config.RepositoryConfigurationDelegate - Multiple Spring Data modules found, entering strict repository configuration mode!
2025-03-18 17:31:36.037 [restartedMain] INFO  o.s.d.r.config.RepositoryConfigurationDelegate - Bootstrapping Spring Data Redis repositories in DEFAULT mode.
2025-03-18 17:31:36.065 [restartedMain] INFO  o.s.d.r.config.RepositoryConfigurationDelegate - Finished Spring Data repository scanning in 17 ms. Found 0 Redis repository interfaces.
2025-03-18 17:31:36.511 [restartedMain] INFO  o.s.boot.web.embedded.tomcat.TomcatWebServer - Tomcat initialized with port(s): 8080 (http)
2025-03-18 17:31:36.518 [restartedMain] INFO  org.apache.coyote.http11.Http11NioProtocol - Initializing ProtocolHandler ["http-nio-8080"]
2025-03-18 17:31:36.518 [restartedMain] INFO  org.apache.catalina.core.StandardService - Starting service [Tomcat]
2025-03-18 17:31:36.518 [restartedMain] INFO  org.apache.catalina.core.StandardEngine - Starting Servlet engine: [Apache Tomcat/9.0.41]
2025-03-18 17:31:36.588 [restartedMain] INFO  o.a.c.core.ContainerBase.[Tomcat].[localhost].[/] - Initializing Spring embedded WebApplicationContext
2025-03-18 17:31:36.588 [restartedMain] INFO  o.s.b.w.s.c.ServletWebServerApplicationContext - Root WebApplicationContext: initialization completed in 1241 ms
2025-03-18 17:31:36.875 [restartedMain] INFO  c.a.d.s.b.a.DruidDataSourceAutoConfigure - Init DruidDataSource
2025-03-18 17:31:37.641 [restartedMain] INFO  com.alibaba.druid.pool.DruidDataSource - {dataSource-1} inited
2025-03-18 17:31:38.715 [restartedMain] INFO  o.s.scheduling.concurrent.ThreadPoolTaskExecutor - Initializing ExecutorService 'applicationTaskExecutor'
2025-03-18 17:31:38.905 [restartedMain] INFO  o.s.b.d.autoconfigure.OptionalLiveReloadServer - LiveReload server is running on port 35729
2025-03-18 17:31:38.932 [restartedMain] INFO  org.apache.coyote.http11.Http11NioProtocol - Starting ProtocolHandler ["http-nio-8080"]
2025-03-18 17:31:38.952 [restartedMain] INFO  o.s.boot.web.embedded.tomcat.TomcatWebServer - Tomcat started on port(s): 8080 (http) with context path ''
2025-03-18 17:31:38.959 [restartedMain] INFO  com.cow.horse.BackendApplication - Started BackendApplication in 4.849 seconds (JVM running for 5.739)
2025-03-18 17:31:38.961 [restartedMain] INFO  com.cow.horse.BackendApplication - =====================项目后端启动成功============================
2025-03-18 17:34:07.270 [http-nio-8080-exec-1] INFO  o.a.c.core.ContainerBase.[Tomcat].[localhost].[/] - Initializing Spring DispatcherServlet 'dispatcherServlet'
2025-03-18 17:34:07.270 [http-nio-8080-exec-1] INFO  org.springframework.web.servlet.DispatcherServlet - Initializing Servlet 'dispatcherServlet'
2025-03-18 17:34:07.271 [http-nio-8080-exec-1] INFO  org.springframework.web.servlet.DispatcherServlet - Completed initialization in 1 ms
2025-03-18 17:34:16.137 [restartedMain] INFO  com.cow.horse.BackendApplication - Starting BackendApplication using Java 1.8.0_261 on DESKTOP-9CD04US with PID 9136 (S:\TestProject\统计\36-springboot+vue旅游管理系统(带文档)\源码+数据库\backend-Api\target\classes started by FUCHI in S:\TestProject\统计\36-springboot+vue旅游管理系统(带文档)\源码+数据库\backend-Api)
2025-03-18 17:34:16.140 [restartedMain] INFO  com.cow.horse.BackendApplication - The following profiles are active: dev
2025-03-18 17:34:16.202 [restartedMain] INFO  o.s.b.d.env.DevToolsPropertyDefaultsPostProcessor - Devtools property defaults active! Set 'spring.devtools.add-properties' to 'false' to disable
2025-03-18 17:34:16.202 [restartedMain] INFO  o.s.b.d.env.DevToolsPropertyDefaultsPostProcessor - For additional web related logging consider setting the 'logging.level.web' property to 'DEBUG'
2025-03-18 17:34:16.731 [restartedMain] INFO  o.s.d.r.config.RepositoryConfigurationDelegate - Multiple Spring Data modules found, entering strict repository configuration mode!
2025-03-18 17:34:16.733 [restartedMain] INFO  o.s.d.r.config.RepositoryConfigurationDelegate - Bootstrapping Spring Data Redis repositories in DEFAULT mode.
2025-03-18 17:34:16.757 [restartedMain] INFO  o.s.d.r.config.RepositoryConfigurationDelegate - Finished Spring Data repository scanning in 14 ms. Found 0 Redis repository interfaces.
2025-03-18 17:34:17.194 [restartedMain] INFO  o.s.boot.web.embedded.tomcat.TomcatWebServer - Tomcat initialized with port(s): 8080 (http)
2025-03-18 17:34:17.200 [restartedMain] INFO  org.apache.coyote.http11.Http11NioProtocol - Initializing ProtocolHandler ["http-nio-8080"]
2025-03-18 17:34:17.201 [restartedMain] INFO  org.apache.catalina.core.StandardService - Starting service [Tomcat]
2025-03-18 17:34:17.201 [restartedMain] INFO  org.apache.catalina.core.StandardEngine - Starting Servlet engine: [Apache Tomcat/9.0.41]
2025-03-18 17:34:17.271 [restartedMain] INFO  o.a.c.core.ContainerBase.[Tomcat].[localhost].[/] - Initializing Spring embedded WebApplicationContext
2025-03-18 17:34:17.271 [restartedMain] INFO  o.s.b.w.s.c.ServletWebServerApplicationContext - Root WebApplicationContext: initialization completed in 1068 ms
2025-03-18 17:34:17.588 [restartedMain] INFO  c.a.d.s.b.a.DruidDataSourceAutoConfigure - Init DruidDataSource
2025-03-18 17:34:18.341 [restartedMain] INFO  com.alibaba.druid.pool.DruidDataSource - {dataSource-1} inited
2025-03-18 17:34:19.425 [restartedMain] INFO  o.s.scheduling.concurrent.ThreadPoolTaskExecutor - Initializing ExecutorService 'applicationTaskExecutor'
2025-03-18 17:34:19.613 [restartedMain] INFO  o.s.b.d.autoconfigure.OptionalLiveReloadServer - LiveReload server is running on port 35729
2025-03-18 17:34:19.650 [restartedMain] INFO  org.apache.coyote.http11.Http11NioProtocol - Starting ProtocolHandler ["http-nio-8080"]
2025-03-18 17:34:19.670 [restartedMain] INFO  o.s.boot.web.embedded.tomcat.TomcatWebServer - Tomcat started on port(s): 8080 (http) with context path ''
2025-03-18 17:34:19.678 [restartedMain] INFO  com.cow.horse.BackendApplication - Started BackendApplication in 4.021 seconds (JVM running for 4.881)
2025-03-18 17:34:19.680 [restartedMain] INFO  com.cow.horse.BackendApplication - =====================项目后端启动成功============================
2025-03-18 18:15:18.129 [restartedMain] INFO  com.cow.horse.BackendApplication - Starting BackendApplication using Java 1.8.0_261 on DESKTOP-9CD04US with PID 28264 (S:\TestProject\统计\36-springboot+vue旅游管理系统(带文档)\源码+数据库\backend-Api\target\classes started by FUCHI in S:\TestProject\统计\36-springboot+vue旅游管理系统(带文档)\源码+数据库\backend-Api)
2025-03-18 18:15:18.131 [restartedMain] INFO  com.cow.horse.BackendApplication - The following profiles are active: dev
2025-03-18 18:15:18.188 [restartedMain] INFO  o.s.b.d.env.DevToolsPropertyDefaultsPostProcessor - Devtools property defaults active! Set 'spring.devtools.add-properties' to 'false' to disable
2025-03-18 18:15:18.188 [restartedMain] INFO  o.s.b.d.env.DevToolsPropertyDefaultsPostProcessor - For additional web related logging consider setting the 'logging.level.web' property to 'DEBUG'
2025-03-18 18:15:18.714 [restartedMain] INFO  o.s.d.r.config.RepositoryConfigurationDelegate - Multiple Spring Data modules found, entering strict repository configuration mode!
2025-03-18 18:15:18.716 [restartedMain] INFO  o.s.d.r.config.RepositoryConfigurationDelegate - Bootstrapping Spring Data Redis repositories in DEFAULT mode.
2025-03-18 18:15:18.742 [restartedMain] INFO  o.s.d.r.config.RepositoryConfigurationDelegate - Finished Spring Data repository scanning in 16 ms. Found 0 Redis repository interfaces.
2025-03-18 18:15:19.190 [restartedMain] INFO  o.s.boot.web.embedded.tomcat.TomcatWebServer - Tomcat initialized with port(s): 8080 (http)
2025-03-18 18:15:19.197 [restartedMain] INFO  org.apache.coyote.http11.Http11NioProtocol - Initializing ProtocolHandler ["http-nio-8080"]
2025-03-18 18:15:19.197 [restartedMain] INFO  org.apache.catalina.core.StandardService - Starting service [Tomcat]
2025-03-18 18:15:19.197 [restartedMain] INFO  org.apache.catalina.core.StandardEngine - Starting Servlet engine: [Apache Tomcat/9.0.41]
2025-03-18 18:15:19.267 [restartedMain] INFO  o.a.c.core.ContainerBase.[Tomcat].[localhost].[/] - Initializing Spring embedded WebApplicationContext
2025-03-18 18:15:19.267 [restartedMain] INFO  o.s.b.w.s.c.ServletWebServerApplicationContext - Root WebApplicationContext: initialization completed in 1078 ms
2025-03-18 18:15:19.588 [restartedMain] INFO  c.a.d.s.b.a.DruidDataSourceAutoConfigure - Init DruidDataSource
2025-03-18 18:15:20.334 [restartedMain] INFO  com.alibaba.druid.pool.DruidDataSource - {dataSource-1} inited
2025-03-18 18:15:21.424 [restartedMain] INFO  o.s.scheduling.concurrent.ThreadPoolTaskExecutor - Initializing ExecutorService 'applicationTaskExecutor'
2025-03-18 18:15:21.609 [restartedMain] INFO  o.s.b.d.autoconfigure.OptionalLiveReloadServer - LiveReload server is running on port 35729
2025-03-18 18:15:21.636 [restartedMain] INFO  org.apache.coyote.http11.Http11NioProtocol - Starting ProtocolHandler ["http-nio-8080"]
2025-03-18 18:15:21.657 [restartedMain] INFO  o.s.boot.web.embedded.tomcat.TomcatWebServer - Tomcat started on port(s): 8080 (http) with context path ''
2025-03-18 18:15:21.665 [restartedMain] INFO  com.cow.horse.BackendApplication - Started BackendApplication in 4.01 seconds (JVM running for 4.86)
2025-03-18 18:15:21.667 [restartedMain] INFO  com.cow.horse.BackendApplication - =====================项目后端启动成功============================
2025-03-18 18:16:27.003 [http-nio-8080-exec-1] INFO  o.a.c.core.ContainerBase.[Tomcat].[localhost].[/] - Initializing Spring DispatcherServlet 'dispatcherServlet'
2025-03-18 18:16:27.004 [http-nio-8080-exec-1] INFO  org.springframework.web.servlet.DispatcherServlet - Initializing Servlet 'dispatcherServlet'
2025-03-18 18:16:27.005 [http-nio-8080-exec-1] INFO  org.springframework.web.servlet.DispatcherServlet - Completed initialization in 1 ms
